Arguments: 
  /usr/local/bin/node /usr/local/bin/yarn add socket.io

PATH: 
  /usr/local/sbin:/usr/local/bin:/usr/sbin:/usr/bin:/sbin:/bin:/usr/games:/usr/local/games:/snap/bin:/home/thiago/android-studio/bin:/home/thiago/Android/Sdk/emulator:/home/thiago/Android/Sdk/tools:/home/thiago/Android/Sdk/tools/bin:/home/thiago/Android/Sdk/platform-tools:/home/thiago/android-studio/bin:/home/thiago/Android/Sdk/emulator:/home/thiago/Android/Sdk/tools:/home/thiago/Android/Sdk/tools/bin:/home/thiago/Android/Sdk/platform-tools

Yarn version: 
  1.22.5

Node version: 
  14.15.4

Platform: 
  linux x64

Trace: 
  SyntaxError: /home/thiago/Documents/zoomProject/server/package.json: Unexpected token } in JSON at position 88
      at JSON.parse (<anonymous>)
      at /usr/local/lib/node_modules/yarn/lib/cli.js:1625:59
      at Generator.next (<anonymous>)
      at step (/usr/local/lib/node_modules/yarn/lib/cli.js:310:30)
      at /usr/local/lib/node_modules/yarn/lib/cli.js:321:13

npm manifest: 
  {
    "name": "server",
    "version": "1.0.0",
    "main": "index.js",
    "license": "MIT",
   
  }

yarn manifest: 
  No manifest

Lockfile: 
  # THIS IS AN AUTOGENERATED FILE. DO NOT EDIT THIS FILE DIRECTLY.
  # yarn lockfile v1
  
  
  socker.io@^0.0.0-alpha-beta:
    version "0.0.0-alpha-beta"
    resolved "https://registry.yarnpkg.com/socker.io/-/socker.io-0.0.0-alpha-beta.tgz#8b7ca61cff05178c9f69acf630afa4ec17083d38"
    integrity sha1-i3ymHP8FF4yfaaz2MK+k7BcIPTg=
